<?xml version="1.0" encoding="UTF-8"?>
<testng-results skipped="0" failed="0" ignored="0" total="1" passed="1">
  <reporter-output>
    <line>
      <![CDATA[Extent Report DirectoryC:\Users\fatim\Web-Automation-Framework\W3schools\target\surefire-reports\html]]>
    </line>
  </reporter-output>
  <suite name="W3Schools Automation Script " duration-ms="8725" started-at="2018-06-21T09:01:33Z" finished-at="2018-06-21T09:01:42Z">
    <groups>
    </groups>
    <test name="W3Schools" duration-ms="8725" started-at="2018-06-21T09:01:33Z" finished-at="2018-06-21T09:01:42Z">
      <class name="testcelldata.TestReadDataFromTable">
        <test-method status="PASS" signature="extentSetup(org.testng.ITestContext)[pri:0, instance:testcelldata.TestReadDataFromTable@480bdb19]" name="extentSetup" is-config="true" duration-ms="187" started-at="2018-06-21T09:01:33Z" finished-at="2018-06-21T09:01:33Z">
          <params>
            <param index="0">
              <value>
                <![CDATA[org.testng.TestRunner@7502291e]]>
              </value>
            </param>
          </params>
          <reporter-output>
            <line>
              <![CDATA[Extent Report DirectoryC:\Users\fatim\Web-Automation-Framework\W3schools\target\surefire-reports\html]]>
            </line>
          </reporter-output>
        </test-method> <!-- extentSetup -->
        <test-method status="PASS" signature="setUp(boolean, java.lang.String, java.lang.String, java.lang.String, java.lang.String, java.lang.String, java.lang.String)[pri:0, instance:testcelldata.TestReadDataFromTable@480bdb19]" name="setUp" is-config="true" duration-ms="7347" started-at="2018-06-21T09:01:33Z" finished-at="2018-06-21T09:01:41Z">
          <params>
            <param index="0">
              <value>
                <![CDATA[false]]>
              </value>
            </param>
            <param index="1">
              <value>
                <![CDATA[false]]>
              </value>
            </param>
            <param index="2">
              <value>
                <![CDATA[windows]]>
              </value>
            </param>
            <param index="3">
              <value>
                <![CDATA[10]]>
              </value>
            </param>
            <param index="4">
              <value>
                <![CDATA[chrome]]>
              </value>
            </param>
            <param index="5">
              <value>
                <![CDATA[66.0]]>
              </value>
            </param>
            <param index="6">
              <value>
                <![CDATA[https://www.w3schools.com/sql/sql_select.asp]]>
              </value>
            </param>
          </params>
          <reporter-output>
          </reporter-output>
        </test-method> <!-- setUp -->
        <test-method status="PASS" signature="startExtent(java.lang.reflect.Method)[pri:0, instance:testcelldata.TestReadDataFromTable@480bdb19]" name="startExtent" is-config="true" duration-ms="4" started-at="2018-06-21T09:01:41Z" finished-at="2018-06-21T09:01:41Z">
          <params>
            <param index="0">
              <value>
                <![CDATA[public void testcelldata.TestReadDataFromTable.read()]]>
              </value>
            </param>
          </params>
          <reporter-output>
          </reporter-output>
        </test-method> <!-- startExtent -->
        <test-method status="PASS" signature="read()[pri:0, instance:testcelldata.TestReadDataFromTable@480bdb19]" name="read" duration-ms="190" started-at="2018-06-21T09:01:41Z" finished-at="2018-06-21T09:01:41Z">
          <reporter-output>
          </reporter-output>
        </test-method> <!-- read -->
        <test-method status="PASS" signature="afterEachTestMethod(org.testng.ITestResult)[pri:0, instance:testcelldata.TestReadDataFromTable@480bdb19]" name="afterEachTestMethod" is-config="true" duration-ms="1152" started-at="2018-06-21T09:01:41Z" finished-at="2018-06-21T09:01:42Z">
          <params>
            <param index="0">
              <value>
                <![CDATA[[TestResult name=read status=SUCCESS method=TestReadDataFromTable.read()[pri:0, instance:testcelldata.TestReadDataFromTable@480bdb19] output={null}]]]>
              </value>
            </param>
          </params>
          <reporter-output>
          </reporter-output>
        </test-method> <!-- afterEachTestMethod -->
        <test-method status="PASS" signature="afterMethod()[pri:0, instance:testcelldata.TestReadDataFromTable@480bdb19]" name="afterMethod" is-config="true" duration-ms="15" started-at="2018-06-21T09:01:42Z" finished-at="2018-06-21T09:01:42Z">
          <reporter-output>
          </reporter-output>
        </test-method> <!-- afterMethod -->
        <test-method status="PASS" signature="generateReport()[pri:0, instance:testcelldata.TestReadDataFromTable@480bdb19]" name="generateReport" is-config="true" duration-ms="138" started-at="2018-06-21T09:01:42Z" finished-at="2018-06-21T09:01:42Z">
          <reporter-output>
          </reporter-output>
        </test-method> <!-- generateReport -->
      </class> <!-- testcelldata.TestReadDataFromTable -->
    </test> <!-- W3Schools -->
  </suite> <!-- W3Schools Automation Script  -->
</testng-results>
